<?xml version="1.0" encoding="UTF-8"?>
<!-- Generated by org.testng.reporters.JUnitXMLReporter -->
<testsuite ignored="0" hostname="Jays-M3-Pro.local" failures="0" tests="6" name="TestPackage" time="0.002" errors="0" timestamp="2025-01-06T01:47:07 IST">
  <testcase classname="qa2.two" name="second" time="0.0"/>
  <testcase classname="qa2.four" name="fifth" time="0.0"/>
  <testcase classname="qa2.four" name="fourth" time="0.0"/>
  <testcase classname="qa2.three" name="thir" time="0.001"/>
  <testcase classname="qa2.three" name="third" time="0.0"/>
  <testcase classname="qa2.one" name="first" time="0.0"/>
</testsuite> <!-- TestPackage -->
