<?xml version="1.0" encoding="UTF-8"?>
<!-- Generated by org.testng.reporters.JUnitXMLReporter -->
<testsuite ignored="1" hostname="Jays-M3-Pro.local" failures="0" tests="3" name="TestGroup1" time="0.002" errors="0" timestamp="2025-01-06T01:47:07 IST">
  <testcase classname="qa.three" name="thir" time="0.0"/>
  <testcase classname="qa.four" name="fifth" time="0.0"/>
  <testcase classname="qa.four" name="fourth" time="0.001"/>
  <testcase classname="qa.three" name="third" time="0.0">
    <ignored/>
  </testcase> <!-- third -->
</testsuite> <!-- TestGroup1 -->
