<?xml version="1.0" encoding="UTF-8"?>
<testsuite xmlns:xsi="http://www.w3.org/2001/XMLSchema-instance" xsi:noNamespaceSchemaLocation="https://maven.apache.org/surefire/maven-surefire-plugin/xsd/surefire-test-report-3.0.xsd" version="3.0" name="TestSuite" time="0.181" tests="11" errors="0" skipped="0" failures="0">
  <properties>
[...]
</properties>
  <testcase name="first" classname="qa.one" time="0.001">
    <system-out><![CDATA[startfirst
1 one
listenerfirst
]]></system-out>
    <system-err><![CDATA[SLF4J: Failed to load class "org.slf4j.impl.StaticLoggerBinder".
SLF4J: Defaulting to no-operation (NOP) logger implementation
SLF4J: See http://www.slf4j.org/codes.html#StaticLoggerBinder for further details.
]]></system-err>
  </testcase>
  <testcase name="second" classname="qa.two" time="0">
    <system-out><![CDATA[startsecond
2
listenersecond
]]></system-out>
  </testcase>
  <testcase name="thir" classname="qa.three" time="0">
    <system-out><![CDATA[startthir
3 thir
listenerthir
]]></system-out>
  </testcase>
  <testcase name="fifth" classname="qa.four" time="0">
    <system-out><![CDATA[startfifth
5
listenerfifth
]]></system-out>
  </testcase>
  <testcase name="fourth" classname="qa.four" time="0">
    <system-out><![CDATA[startfourth
4
listenerfourth
]]></system-out>
  </testcase>
  <testcase name="second" classname="qa2.two" time="0.001">
    <system-out><![CDATA[startsecond
2
listenersecond
]]></system-out>
  </testcase>
  <testcase name="fifth" classname="qa2.four" time="0">
    <system-out><![CDATA[startfifth
5
listenerfifth
]]></system-out>
  </testcase>
  <testcase name="fourth" classname="qa2.four" time="0">
    <system-out><![CDATA[startfourth
4
listenerfourth
]]></system-out>
  </testcase>
  <testcase name="thir" classname="qa2.three" time="0">
    <system-out><![CDATA[startthir
3 thir
listenerthir
]]></system-out>
  </testcase>
  <testcase name="third" classname="qa2.three" time="0">
    <system-out><![CDATA[startthird
3
listenerthird
]]></system-out>
  </testcase>
  <testcase name="first" classname="qa2.one" time="0.001">
    <system-out><![CDATA[startfirst
1 one
listenerfirst
]]></system-out>
  </testcase>
</testsuite>