<?xml version="1.0" encoding="UTF-8"?>
<testng-results ignored="0" total="11" passed="11" failed="0" skipped="0">
  <reporter-output>
  </reporter-output>
  <suite started-at="2025-01-06T01:47:07 IST" name="TestSuite" finished-at="2025-01-06T01:47:07 IST" duration-ms="44">
    <groups>
    </groups>
    <test started-at="2025-01-06T01:47:07 IST" name="TestGroup" finished-at="2025-01-06T01:47:07 IST" duration-ms="13">
      <class name="qa.one">
        <test-method signature="first()[pri:0, instance:qa.one@657c8ad9]" started-at="2025-01-06T01:47:07 IST" name="first" finished-at="2025-01-06T01:47:07 IST" duration-ms="1" status="PASS">
          <reporter-output>
          </reporter-output>
        </test-method> <!-- first -->
      </class> <!-- qa.one -->
      <class name="qa.two">
        <test-method signature="second()[pri:0, instance:qa.two@3e3047e6]" started-at="2025-01-06T01:47:07 IST" name="second" finished-at="2025-01-06T01:47:07 IST" duration-ms="0" status="PASS">
          <reporter-output>
          </reporter-output>
        </test-method> <!-- second -->
      </class> <!-- qa.two -->
    </test> <!-- TestGroup -->
    <test started-at="2025-01-06T01:47:07 IST" name="TestGroup1" finished-at="2025-01-06T01:47:07 IST" duration-ms="2">
      <class name="qa.three">
        <test-method signature="thir()[pri:0, instance:qa.three@61dd025]" started-at="2025-01-06T01:47:07 IST" name="thir" finished-at="2025-01-06T01:47:07 IST" duration-ms="0" status="PASS">
          <reporter-output>
          </reporter-output>
        </test-method> <!-- thir -->
      </class> <!-- qa.three -->
      <class name="qa.four">
        <test-method signature="fourth()[pri:0, instance:qa.four@124c278f]" started-at="2025-01-06T01:47:07 IST" name="fourth" finished-at="2025-01-06T01:47:07 IST" duration-ms="1" status="PASS">
          <reporter-output>
          </reporter-output>
        </test-method> <!-- fourth -->
        <test-method signature="fifth()[pri:0, instance:qa.four@124c278f]" started-at="2025-01-06T01:47:07 IST" name="fifth" finished-at="2025-01-06T01:47:07 IST" duration-ms="0" status="PASS">
          <reporter-output>
          </reporter-output>
        </test-method> <!-- fifth -->
      </class> <!-- qa.four -->
    </test> <!-- TestGroup1 -->
    <test started-at="2025-01-06T01:47:07 IST" name="TestPackage" finished-at="2025-01-06T01:47:07 IST" duration-ms="2">
      <class name="qa2.three">
        <test-method signature="thir()[pri:0, instance:qa2.three@48fa0f47]" started-at="2025-01-06T01:47:07 IST" name="thir" finished-at="2025-01-06T01:47:07 IST" duration-ms="1" status="PASS">
          <reporter-output>
          </reporter-output>
        </test-method> <!-- thir -->
        <test-method signature="third()[pri:0, instance:qa2.three@48fa0f47]" started-at="2025-01-06T01:47:07 IST" name="third" finished-at="2025-01-06T01:47:07 IST" duration-ms="0" status="PASS">
          <reporter-output>
          </reporter-output>
        </test-method> <!-- third -->
      </class> <!-- qa2.three -->
      <class name="qa2.one">
        <test-method signature="first()[pri:0, instance:qa2.one@6ac13091]" started-at="2025-01-06T01:47:07 IST" name="first" finished-at="2025-01-06T01:47:07 IST" duration-ms="0" status="PASS">
          <reporter-output>
          </reporter-output>
        </test-method> <!-- first -->
      </class> <!-- qa2.one -->
      <class name="qa2.four">
        <test-method signature="fourth()[pri:0, instance:qa2.four@1677d1]" started-at="2025-01-06T01:47:07 IST" name="fourth" finished-at="2025-01-06T01:47:07 IST" duration-ms="0" status="PASS">
          <reporter-output>
          </reporter-output>
        </test-method> <!-- fourth -->
        <test-method signature="fifth()[pri:0, instance:qa2.four@1677d1]" started-at="2025-01-06T01:47:07 IST" name="fifth" finished-at="2025-01-06T01:47:07 IST" duration-ms="0" status="PASS">
          <reporter-output>
          </reporter-output>
        </test-method> <!-- fifth -->
      </class> <!-- qa2.four -->
      <class name="qa2.two">
        <test-method signature="second()[pri:0, instance:qa2.two@7ee955a8]" started-at="2025-01-06T01:47:07 IST" name="second" finished-at="2025-01-06T01:47:07 IST" duration-ms="0" status="PASS">
          <reporter-output>
          </reporter-output>
        </test-method> <!-- second -->
      </class> <!-- qa2.two -->
    </test> <!-- TestPackage -->
  </suite> <!-- TestSuite -->
</testng-results>
